Flutter crash report.
Please report a bug at https://github.com/flutter/flutter/issues.

## command

flutter test --machine -d localhost:5555 /home/user/myapp/test/widget_test.dart

## exception

ShaderCompilerException: ShaderCompilerException: Shader compilation of "/home/user/flutter/packages/flutter/lib/src/material/shaders/ink_sparkle.frag" to "build/unit_test_assets/shaders/ink_sparkle.frag" failed with exit code 1.
impellerc stdout:

impellerc stderr:
Could not write file to build/unit_test_assets/shaders/ink_sparkle.frag




```
#0      ShaderCompiler.compileShader (package:flutter_tools/src/build_system/tools/shader_compiler.dart:194:9)
<asynchronous suspension>
#1      writeBundle.<anonymous closure> (package:flutter_tools/src/bundle_builder.dart:215:20)
<asynchronous suspension>
#2      Future.wait.<anonymous closure> (dart:async/future.dart:525:21)
<asynchronous suspension>
#3      writeBundle (package:flutter_tools/src/bundle_builder.dart:177:3)
<asynchronous suspension>
#4      TestCommand._buildTestAsset (package:flutter_tools/src/commands/test.dart:779:7)
<asynchronous suspension>
#5      TestCommand.runCommand (package:flutter_tools/src/commands/test.dart:479:7)
<asynchronous suspension>
#6      FlutterCommand.run.<anonymous closure> (package:flutter_tools/src/runner/flutter_command.dart:1563:27)
<asynchronous suspension>
#7      AppContext.run.<anonymous closure> (package:flutter_tools/src/base/context.dart:154:19)
<asynchronous suspension>
#8      CommandRunner.runCommand (package:args/command_runner.dart:212:13)
<asynchronous suspension>
#9      FlutterCommandRunner.runCommand.<anonymous closure> (package:flutter_tools/src/runner/flutter_command_runner.dart:494:9)
<asynchronous suspension>
#10     AppContext.run.<anonymous closure> (package:flutter_tools/src/base/context.dart:154:19)
<asynchronous suspension>
#11     FlutterCommandRunner.runCommand (package:flutter_tools/src/runner/flutter_command_runner.dart:431:5)
<asynchronous suspension>
#12     run.<anonymous closure>.<anonymous closure> (package:flutter_tools/runner.dart:98:11)
<asynchronous suspension>
#13     AppContext.run.<anonymous closure> (package:flutter_tools/src/base/context.dart:154:19)
<asynchronous suspension>
#14     main (package:flutter_tools/executable.dart:102:3)
<asynchronous suspension>
```

## flutter doctor

```
[!] Flutter (Channel stable, 3.32.8, on IDX GNU/Linux 6.6.97+, locale en_US) [1,530ms]
    • Flutter version 3.32.8 on channel stable at /home/user/flutter
    ! Warning: `flutter` on your path resolves to /nix/store/ksyk5yalwyxsyd964w32z77zv7cxl8bj-flutter-wrapped-3.22.0-sdk-links/bin/flutter, which is not inside your current Flutter SDK checkout at /home/user/flutter. Consider adding /home/user/flutter/bin to the front of your path.
    ! Warning: `dart` on your path resolves to /nix/store/28il3p67skn19ybh86px291jxqffqinv-dart-3.4.0/bin/dart, which is not inside your current Flutter SDK checkout at /home/user/flutter. Consider adding /home/user/flutter/bin to the front of your path.
    • Upstream repository https://github.com/flutter/flutter.git
    • Framework revision edada7c56e (7 weeks ago), 2025-07-25 14:08:03 +0000
    • Engine revision ef0cd00091
    • Dart version 3.8.1
    • DevTools version 2.45.1
    • If those were intentional, you can disregard the above warnings; however it is recommended to use "git" directly to perform update checks and upgrades.

[!] Android toolchain - develop for Android devices (Android SDK version 36.0.0) [4.6s]
    • Android SDK at /home/user/.androidsdkroot
    • Platform android-36, build-tools 36.0.0
    • ANDROID_SDK_ROOT = /home/user/.androidsdkroot
    • Java binary at: /usr/bin/java
      This JDK was found in the system PATH.
      To manually set the JDK path, use: `flutter config --jdk-dir="path/to/jdk"`.
    • Java version OpenJDK Runtime Environment (build 21.0.3+9-nixos)
    ! Some Android licenses not accepted. To resolve this, run: flutter doctor --android-licenses

[✓] Chrome - develop for the web [9ms]
    • CHROME_EXECUTABLE = /nix/store/ja1wmdwplgyl52x7jd0d7p0gnpxkcsvq-chromium-131.0.6778.204/bin/chromium

[✗] Linux toolchain - develop for Linux desktop [33ms]
    ✗ clang++ is required for Linux development.
      It is likely available from your distribution (e.g.: apt install clang), or can be downloaded from https://releases.llvm.org/
    ✗ CMake is required for Linux development.
      It is likely available from your distribution (e.g.: apt install cmake), or can be downloaded from https://cmake.org/download/
    ✗ ninja is required for Linux development.
      It is likely available from your distribution (e.g.: apt install ninja-build), or can be downloaded from https://github.com/ninja-build/ninja/releases
    ✗ pkg-config is required for Linux development.
      It is likely available from your distribution (e.g.: apt install pkg-config), or can be downloaded from https://www.freedesktop.org/wiki/Software/pkg-config/

[!] Android Studio (not installed) [7ms]
    • Android Studio not found; download from https://developer.android.com/studio/index.html
      (or visit https://flutter.dev/to/linux-android-setup for detailed instructions).

[✓] Connected device (4 available) [939ms]
    • sdk gphone64 x86 64 (mobile) • emulator-5554  • android-x64    • Android 16 (API 36) (emulator)
    • sdk gphone64 x86 64 (mobile) • localhost:5555 • android-x64    • Android 16 (API 36) (emulator)
    • Linux (desktop)              • linux          • linux-x64      • IDX GNU/Linux 6.6.97+
    • Chrome (web)                 • chrome         • web-javascript • Chromium 131.0.6778.204

[✓] Network resources [490ms]
    • All expected network resources are available.

! Doctor found issues in 4 categories.
```
